<?xml version="1.0" encoding="UTF-8"?>
<!-- Generated by org.testng.reporters.JUnitReportReporter -->
<testsuite hostname="DESKTOP-K3LEO0J" failures="0" tests="1" name="testing.tests.SearchProducts" time="78.503" errors="0" timestamp="2022-10-06T15:05:13 CDT" skipped="0">
  <testcase classname="testing.tests.SearchProducts" name="searchProduct" time="78.503"/>
  <system-out/>
</testsuite> <!-- testing.tests.SearchProducts -->
