<?xml version="1.0" encoding="UTF-8"?>
<!-- Generated by org.testng.reporters.JUnitReportReporter -->
<testsuite hostname="DESKTOP-K3LEO0J" failures="0" tests="1" name="testing.tests.LoginSign" time="19.252" errors="0" timestamp="2022-09-26T13:55:09 CDT" skipped="0">
  <testcase classname="testing.tests.LoginSign" name="loginForm" time="19.252"/>
  <system-out/>
</testsuite> <!-- testing.tests.LoginSign -->
